<?xml version="1.0" encoding="UTF-8"?>
<testsuite name="Scenario: creation is successful with valid username and password" tests="4" skipped="0" failures="0" errors="0" timestamp="2017-11-19T21:29:27" hostname="LAPTOP-6K3L07EA" time="0.016">
  <properties/>
  <testcase name="Given command &quot;new&quot; is selected" classname="Scenario: creation is successful with valid username and password" time="0.0"/>
  <testcase name="When username &quot;eero&quot; and password &quot;salainen1&quot; are entered" classname="Scenario: creation is successful with valid username and password" time="0.0"/>
  <testcase name="Then system will respond with &quot;new user registered&quot;" classname="Scenario: creation is successful with valid username and password" time="0.0"/>
  <testcase name="classMethod" classname="Scenario: creation is successful with valid username and password" time="0.016"/>
  <system-out><![CDATA[]]></system-out>
  <system-err><![CDATA[]]></system-err>
</testsuite>
